<?xml version="1.0" encoding="UTF-8"?>
<!-- Generated by org.testng.reporters.JUnitXMLReporter -->
<testsuite hostname="W00185VDI" ignored="0" name="Driving License" tests="2" failures="0" timestamp="11 Sep 2018 14:01:13 GMT" time="23.22" errors="0">
  <testcase name="InvalidDOB" time="10.37" classname="com.uiFramework.ust.experian.testScripts.DrivingLicenseQueries"/>
  <testcase name="ValidDLCheck" time="9.405" classname="com.uiFramework.ust.experian.testScripts.DrivingLicenseQueries"/>
</testsuite> <!-- Driving License -->
