<?xml version="1.0" encoding="UTF-8"?>
<!-- Generated by org.testng.reporters.JUnitXMLReporter -->
<testsuite hostname="W00185VDI" ignored="0" name="IDH-578-579" tests="3" failures="0" timestamp="11 Sep 2018 14:03:07 GMT" time="114.03" errors="0">
  <testcase name="IDH_578and579_1" time="52.474" classname="com.uiFramework.ust.experian.testScripts.IDH_578_579"/>
  <testcase name="IDH_578and579_2" time="38.283" classname="com.uiFramework.ust.experian.testScripts.IDH_578_579"/>
  <testcase name="IDH_578and579_3" time="19.498" classname="com.uiFramework.ust.experian.testScripts.IDH_578_579"/>
</testsuite> <!-- IDH-578-579 -->
