<?xml version="1.0" encoding="UTF-8"?>
<!-- Generated by org.testng.reporters.JUnitXMLReporter -->
<testsuite hostname="W00185VDI" ignored="1" name="Test" tests="5" failures="0" timestamp="11 Sep 2018 09:55:03 GMT" time="0.268" errors="0">
  <testcase name="@BeforeClass beforeTest" time="0.003" classname="com.uiFramework.ust.experian.testbase.TestBase">
    <failure type="java.lang.NullPointerException" message="Name is null">
      <![CDATA[java.lang.NullPointerException: Name is nullat java.lang.Enum.valueOf(Enum.java:236)at com.uiFramework.ust.experian.helper.browserConfiguration.BrowserType.valueOf(BrowserType.java:1)at com.uiFramework.ust.experian.helper.browserConfiguration.config.PropertyReader.getBrowserType(PropertyReader.java:44)at com.uiFramework.ust.experian.testbase.TestBase.beforeTest(TestBase.java:66)at java.util.concurrent.ThreadPoolExecutor.runWorker(ThreadPoolExecutor.java:1149)at java.util.concurrent.ThreadPoolExecutor$Worker.run(ThreadPoolExecutor.java:624)at java.lang.Thread.run(Thread.java:748)... Removed 11 stack frames]]>
    </failure>
  </testcase> <!-- @BeforeClass beforeTest -->
  <testcase name="@BeforeClass beforeTest" time="0.003" classname="com.uiFramework.ust.experian.testbase.TestBase">
    <failure type="java.lang.NullPointerException" message="Name is null">
      <![CDATA[java.lang.NullPointerException: Name is nullat java.lang.Enum.valueOf(Enum.java:236)at com.uiFramework.ust.experian.helper.browserConfiguration.BrowserType.valueOf(BrowserType.java:1)at com.uiFramework.ust.experian.helper.browserConfiguration.config.PropertyReader.getBrowserType(PropertyReader.java:44)at com.uiFramework.ust.experian.testbase.TestBase.beforeTest(TestBase.java:66)at java.util.concurrent.ThreadPoolExecutor.runWorker(ThreadPoolExecutor.java:1149)at java.util.concurrent.ThreadPoolExecutor$Worker.run(ThreadPoolExecutor.java:624)at java.lang.Thread.run(Thread.java:748)... Removed 11 stack frames]]>
    </failure>
  </testcase> <!-- @BeforeClass beforeTest -->
  <testcase name="@BeforeMethod beforeMethod" time="0.0" classname="com.uiFramework.ust.experian.testbase.TestBase">
    <skipped/>
  </testcase> <!-- @BeforeMethod beforeMethod -->
  <testcase name="@AfterMethod afterMethod" time="0.0" classname="com.uiFramework.ust.experian.testbase.TestBase">
    <skipped/>
  </testcase> <!-- @AfterMethod afterMethod -->
  <testcase name="@BeforeMethod beforeMethod" time="0.0" classname="com.uiFramework.ust.experian.testbase.TestBase">
    <skipped/>
  </testcase> <!-- @BeforeMethod beforeMethod -->
  <testcase name="@AfterMethod afterMethod" time="0.0" classname="com.uiFramework.ust.experian.testbase.TestBase">
    <skipped/>
  </testcase> <!-- @AfterMethod afterMethod -->
  <testcase name="@AfterClass afterTest" time="0.0" classname="com.uiFramework.ust.experian.testbase.TestBase">
    <skipped/>
  </testcase> <!-- @AfterClass afterTest -->
  <testcase name="@BeforeMethod beforeMethod" time="0.0" classname="com.uiFramework.ust.experian.testbase.TestBase">
    <skipped/>
  </testcase> <!-- @BeforeMethod beforeMethod -->
  <testcase name="@AfterMethod afterMethod" time="0.0" classname="com.uiFramework.ust.experian.testbase.TestBase">
    <skipped/>
  </testcase> <!-- @AfterMethod afterMethod -->
  <testcase name="@BeforeMethod beforeMethod" time="0.0" classname="com.uiFramework.ust.experian.testbase.TestBase">
    <skipped/>
  </testcase> <!-- @BeforeMethod beforeMethod -->
  <testcase name="@AfterMethod afterMethod" time="0.0" classname="com.uiFramework.ust.experian.testbase.TestBase">
    <skipped/>
  </testcase> <!-- @AfterMethod afterMethod -->
  <testcase name="@BeforeMethod beforeMethod" time="0.0" classname="com.uiFramework.ust.experian.testbase.TestBase">
    <skipped/>
  </testcase> <!-- @BeforeMethod beforeMethod -->
  <testcase name="@AfterMethod afterMethod" time="0.0" classname="com.uiFramework.ust.experian.testbase.TestBase">
    <skipped/>
  </testcase> <!-- @AfterMethod afterMethod -->
  <testcase name="@AfterClass afterTest" time="0.0" classname="com.uiFramework.ust.experian.testbase.TestBase">
    <skipped/>
  </testcase> <!-- @AfterClass afterTest -->
  <testcase name="InvalidDOB" time="0.0" classname="com.uiFramework.ust.experian.testScripts.DrivingLicenseQueries">
    <skipped/>
  </testcase> <!-- InvalidDOB -->
  <testcase name="ValidDLCheck" time="0.0" classname="com.uiFramework.ust.experian.testScripts.DrivingLicenseQueries">
    <skipped/>
  </testcase> <!-- ValidDLCheck -->
  <testcase name="BWAccClosed" time="0.0" classname="com.uiFramework.ust.experian.testScripts.BankWiazrdQueries">
    <skipped/>
  </testcase> <!-- BWAccClosed -->
  <testcase name="BWAccClosed" time="0.0" classname="com.uiFramework.ust.experian.testScripts.BankWiazrdQueries">
    <skipped/>
  </testcase> <!-- BWAccClosed -->
  <testcase name="BWAccHolderDeceased" time="0.0" classname="com.uiFramework.ust.experian.testScripts.BankWiazrdQueries">
    <skipped/>
  </testcase> <!-- BWAccHolderDeceased -->
  <testcase name="@BeforeSuite beforeSuite" time="0.0" classname="com.uiFramework.ust.experian.testbase.TestBase">
    <ignored/>
  </testcase> <!-- @BeforeSuite beforeSuite -->
</testsuite> <!-- Test -->
