<?xml version="1.0" encoding="UTF-8"?>
<!-- Generated by org.testng.reporters.JUnitXMLReporter -->
<testsuite hostname="W00185VDI" ignored="1" name="Test" tests="5" failures="1" timestamp="16 Aug 2018 08:57:35 GMT" time="53.867" errors="0">
  <testcase name="BWAccClosed" time="16.221" classname="com.uiFramework.ust.experian.testScripts.BankWiazrdQueries"/>
  <testcase name="InvalidDOB" time="18.28" classname="com.uiFramework.ust.experian.testScripts.DrivingLicenseQueries"/>
  <testcase name="ValidDLCheck" time="10.95" classname="com.uiFramework.ust.experian.testScripts.DrivingLicenseQueries"/>
  <testcase name="BWAccClosed" time="13.889" classname="com.uiFramework.ust.experian.testScripts.BankWiazrdQueries">
    <failure type="java.lang.AssertionError" message="expected [true] but found [false]">
      <![CDATA[java.lang.AssertionError: expected [true] but found [false]at com.uiFramework.ust.experian.helper.assertion.AssertionHelper.markFail(AssertionHelper.java:30)at com.uiFramework.ust.experian.testScripts.BankWiazrdQueries.BWAccClosed(BankWiazrdQueries.java:74)at java.util.concurrent.ThreadPoolExecutor.runWorker(ThreadPoolExecutor.java:1149)at java.util.concurrent.ThreadPoolExecutor$Worker.run(ThreadPoolExecutor.java:624)at java.lang.Thread.run(Thread.java:748)... Removed 14 stack frames]]>
    </failure>
  </testcase> <!-- BWAccClosed -->
  <testcase name="BWAccHolderDeceased" time="12.867" classname="com.uiFramework.ust.experian.testScripts.BankWiazrdQueries"/>
  <testcase name="@BeforeSuite beforeSuite" time="0.0" classname="com.uiFramework.ust.experian.testbase.TestBase">
    <ignored/>
  </testcase> <!-- @BeforeSuite beforeSuite -->
</testsuite> <!-- Test -->
