<?xml version="1.0" encoding="UTF-8"?>
<testng-results skipped="5" failed="0" ignored="1" total="6" passed="0">
  <reporter-output>
  </reporter-output>
  <suite name="Suite" duration-ms="268" started-at="2018-09-11T09:55:03Z" finished-at="2018-09-11T09:55:03Z">
    <groups>
    </groups>
    <test name="Test" duration-ms="268" started-at="2018-09-11T09:55:03Z" finished-at="2018-09-11T09:55:03Z">
      <class name="com.uiFramework.ust.experian.testScripts.DrivingLicenseQueries">
        <test-method status="FAIL" signature="beforeTest()[pri:0, instance:com.uiFramework.ust.experian.testScripts.DrivingLicenseQueries@cc285f4]" name="beforeTest" is-config="true" duration-ms="3" started-at="2018-09-11T10:55:03Z" finished-at="2018-09-11T10:55:03Z">
          <exception class="java.lang.NullPointerException">
            <message>
              <![CDATA[Name is null]]>
            </message>
            <full-stacktrace>
              <![CDATA[java.lang.NullPointerException: Name is nullat java.lang.Enum.valueOf(Enum.java:236)at com.uiFramework.ust.experian.helper.browserConfiguration.BrowserType.valueOf(BrowserType.java:1)at com.uiFramework.ust.experian.helper.browserConfiguration.config.PropertyReader.getBrowserType(PropertyReader.java:44)at com.uiFramework.ust.experian.testbase.TestBase.beforeTest(TestBase.java:66)at sun.reflect.NativeMethodAccessorImpl.invoke0(Native Method)at sun.reflect.NativeMethodAccessorImpl.invoke(NativeMethodAccessorImpl.java:62)at sun.reflect.DelegatingMethodAccessorImpl.invoke(DelegatingMethodAccessorImpl.java:43)at java.lang.reflect.Method.invoke(Method.java:498)at org.testng.internal.MethodInvocationHelper.invokeMethod(MethodInvocationHelper.java:124)at org.testng.internal.MethodInvocationHelper.invokeMethodConsideringTimeout(MethodInvocationHelper.java:59)at org.testng.internal.Invoker.invokeConfigurationMethod(Invoker.java:451)at org.testng.internal.Invoker.invokeConfigurations(Invoker.java:222)at org.testng.internal.Invoker.invokeConfigurations(Invoker.java:142)at org.testng.internal.TestMethodWorker.invokeBeforeClassMethods(TestMethodWorker.java:163)at org.testng.internal.TestMethodWorker.run(TestMethodWorker.java:105)at java.util.concurrent.ThreadPoolExecutor.runWorker(ThreadPoolExecutor.java:1149)at java.util.concurrent.ThreadPoolExecutor$Worker.run(ThreadPoolExecutor.java:624)at java.lang.Thread.run(Thread.java:748)]]>
            </full-stacktrace>
          </exception> <!-- java.lang.NullPointerException -->
          <reporter-output>
          </reporter-output>
        </test-method> <!-- beforeTest -->
        <test-method status="SKIP" signature="beforeMethod(java.lang.reflect.Method)[pri:0, instance:com.uiFramework.ust.experian.testScripts.DrivingLicenseQueries@cc285f4]" name="beforeMethod" is-config="true" duration-ms="0" started-at="2018-09-11T10:55:03Z" finished-at="2018-09-11T10:55:03Z">
          <reporter-output>
          </reporter-output>
        </test-method> <!-- beforeMethod -->
        <test-method status="SKIP" signature="InvalidDOB(java.util.Map)[pri:0, instance:com.uiFramework.ust.experian.testScripts.DrivingLicenseQueries@cc285f4]" name="InvalidDOB" duration-ms="0" started-at="2018-09-11T10:55:03Z" description="Verifying the DL process configuration with Invalid DOB" data-provider="InvalidDOB" finished-at="2018-09-11T10:55:03Z">
          <exception class="java.lang.NullPointerException">
            <message>
              <![CDATA[Name is null]]>
            </message>
            <full-stacktrace>
              <![CDATA[java.lang.NullPointerException: Name is nullat java.lang.Enum.valueOf(Enum.java:236)at com.uiFramework.ust.experian.helper.browserConfiguration.BrowserType.valueOf(BrowserType.java:1)at com.uiFramework.ust.experian.helper.browserConfiguration.config.PropertyReader.getBrowserType(PropertyReader.java:44)at com.uiFramework.ust.experian.testbase.TestBase.beforeTest(TestBase.java:66)at sun.reflect.NativeMethodAccessorImpl.invoke0(Native Method)at sun.reflect.NativeMethodAccessorImpl.invoke(NativeMethodAccessorImpl.java:62)at sun.reflect.DelegatingMethodAccessorImpl.invoke(DelegatingMethodAccessorImpl.java:43)at java.lang.reflect.Method.invoke(Method.java:498)at org.testng.internal.MethodInvocationHelper.invokeMethod(MethodInvocationHelper.java:124)at org.testng.internal.MethodInvocationHelper.invokeMethodConsideringTimeout(MethodInvocationHelper.java:59)at org.testng.internal.Invoker.invokeConfigurationMethod(Invoker.java:451)at org.testng.internal.Invoker.invokeConfigurations(Invoker.java:222)at org.testng.internal.Invoker.invokeConfigurations(Invoker.java:142)at org.testng.internal.TestMethodWorker.invokeBeforeClassMethods(TestMethodWorker.java:163)at org.testng.internal.TestMethodWorker.run(TestMethodWorker.java:105)at java.util.concurrent.ThreadPoolExecutor.runWorker(ThreadPoolExecutor.java:1149)at java.util.concurrent.ThreadPoolExecutor$Worker.run(ThreadPoolExecutor.java:624)at java.lang.Thread.run(Thread.java:748)]]>
            </full-stacktrace>
          </exception> <!-- java.lang.NullPointerException -->
          <reporter-output>
          </reporter-output>
        </test-method> <!-- InvalidDOB -->
        <test-method status="SKIP" signature="afterMethod(org.testng.ITestResult)[pri:0, instance:com.uiFramework.ust.experian.testScripts.DrivingLicenseQueries@cc285f4]" name="afterMethod" is-config="true" duration-ms="0" started-at="2018-09-11T10:55:03Z" finished-at="2018-09-11T10:55:03Z">
          <reporter-output>
          </reporter-output>
        </test-method> <!-- afterMethod -->
        <test-method status="SKIP" signature="beforeMethod(java.lang.reflect.Method)[pri:0, instance:com.uiFramework.ust.experian.testScripts.DrivingLicenseQueries@cc285f4]" name="beforeMethod" is-config="true" duration-ms="0" started-at="2018-09-11T10:55:03Z" finished-at="2018-09-11T10:55:03Z">
          <reporter-output>
          </reporter-output>
        </test-method> <!-- beforeMethod -->
        <test-method status="SKIP" signature="afterTest()[pri:0, instance:com.uiFramework.ust.experian.testScripts.DrivingLicenseQueries@cc285f4]" name="afterTest" is-config="true" duration-ms="0" started-at="2018-09-11T10:55:03Z" finished-at="2018-09-11T10:55:03Z">
          <reporter-output>
          </reporter-output>
        </test-method> <!-- afterTest -->
        <test-method status="SKIP" signature="afterMethod(org.testng.ITestResult)[pri:0, instance:com.uiFramework.ust.experian.testScripts.DrivingLicenseQueries@cc285f4]" name="afterMethod" is-config="true" duration-ms="0" started-at="2018-09-11T10:55:03Z" finished-at="2018-09-11T10:55:03Z">
          <reporter-output>
          </reporter-output>
        </test-method> <!-- afterMethod -->
        <test-method status="SKIP" signature="ValidDLCheck(java.util.Map)[pri:0, instance:com.uiFramework.ust.experian.testScripts.DrivingLicenseQueries@cc285f4]" name="ValidDLCheck" duration-ms="0" started-at="2018-09-11T10:55:03Z" description="Verifying the DL process configuration with Valid DL number" data-provider="ValidDLCheck" finished-at="2018-09-11T10:55:03Z">
          <exception class="java.lang.NullPointerException">
            <message>
              <![CDATA[Name is null]]>
            </message>
            <full-stacktrace>
              <![CDATA[java.lang.NullPointerException: Name is nullat java.lang.Enum.valueOf(Enum.java:236)at com.uiFramework.ust.experian.helper.browserConfiguration.BrowserType.valueOf(BrowserType.java:1)at com.uiFramework.ust.experian.helper.browserConfiguration.config.PropertyReader.getBrowserType(PropertyReader.java:44)at com.uiFramework.ust.experian.testbase.TestBase.beforeTest(TestBase.java:66)at sun.reflect.NativeMethodAccessorImpl.invoke0(Native Method)at sun.reflect.NativeMethodAccessorImpl.invoke(NativeMethodAccessorImpl.java:62)at sun.reflect.DelegatingMethodAccessorImpl.invoke(DelegatingMethodAccessorImpl.java:43)at java.lang.reflect.Method.invoke(Method.java:498)at org.testng.internal.MethodInvocationHelper.invokeMethod(MethodInvocationHelper.java:124)at org.testng.internal.MethodInvocationHelper.invokeMethodConsideringTimeout(MethodInvocationHelper.java:59)at org.testng.internal.Invoker.invokeConfigurationMethod(Invoker.java:451)at org.testng.internal.Invoker.invokeConfigurations(Invoker.java:222)at org.testng.internal.Invoker.invokeConfigurations(Invoker.java:142)at org.testng.internal.TestMethodWorker.invokeBeforeClassMethods(TestMethodWorker.java:163)at org.testng.internal.TestMethodWorker.run(TestMethodWorker.java:105)at java.util.concurrent.ThreadPoolExecutor.runWorker(ThreadPoolExecutor.java:1149)at java.util.concurrent.ThreadPoolExecutor$Worker.run(ThreadPoolExecutor.java:624)at java.lang.Thread.run(Thread.java:748)]]>
            </full-stacktrace>
          </exception> <!-- java.lang.NullPointerException -->
          <reporter-output>
          </reporter-output>
        </test-method> <!-- ValidDLCheck -->
      </class> <!-- com.uiFramework.ust.experian.testScripts.DrivingLicenseQueries -->
      <class name="com.uiFramework.ust.experian.testScripts.BankWiazrdQueries">
        <test-method status="PASS" signature="beforeSuite()[pri:0, instance:com.uiFramework.ust.experian.testScripts.BankWiazrdQueries@c038203]" name="beforeSuite" is-config="true" duration-ms="2437" started-at="2018-09-11T10:55:00Z" finished-at="2018-09-11T10:55:03Z">
          <reporter-output>
          </reporter-output>
        </test-method> <!-- beforeSuite -->
        <test-method status="FAIL" signature="beforeTest()[pri:0, instance:com.uiFramework.ust.experian.testScripts.BankWiazrdQueries@c038203]" name="beforeTest" is-config="true" duration-ms="3" started-at="2018-09-11T10:55:03Z" finished-at="2018-09-11T10:55:03Z">
          <exception class="java.lang.NullPointerException">
            <message>
              <![CDATA[Name is null]]>
            </message>
            <full-stacktrace>
              <![CDATA[java.lang.NullPointerException: Name is nullat java.lang.Enum.valueOf(Enum.java:236)at com.uiFramework.ust.experian.helper.browserConfiguration.BrowserType.valueOf(BrowserType.java:1)at com.uiFramework.ust.experian.helper.browserConfiguration.config.PropertyReader.getBrowserType(PropertyReader.java:44)at com.uiFramework.ust.experian.testbase.TestBase.beforeTest(TestBase.java:66)at sun.reflect.NativeMethodAccessorImpl.invoke0(Native Method)at sun.reflect.NativeMethodAccessorImpl.invoke(NativeMethodAccessorImpl.java:62)at sun.reflect.DelegatingMethodAccessorImpl.invoke(DelegatingMethodAccessorImpl.java:43)at java.lang.reflect.Method.invoke(Method.java:498)at org.testng.internal.MethodInvocationHelper.invokeMethod(MethodInvocationHelper.java:124)at org.testng.internal.MethodInvocationHelper.invokeMethodConsideringTimeout(MethodInvocationHelper.java:59)at org.testng.internal.Invoker.invokeConfigurationMethod(Invoker.java:451)at org.testng.internal.Invoker.invokeConfigurations(Invoker.java:222)at org.testng.internal.Invoker.invokeConfigurations(Invoker.java:142)at org.testng.internal.TestMethodWorker.invokeBeforeClassMethods(TestMethodWorker.java:163)at org.testng.internal.TestMethodWorker.run(TestMethodWorker.java:105)at java.util.concurrent.ThreadPoolExecutor.runWorker(ThreadPoolExecutor.java:1149)at java.util.concurrent.ThreadPoolExecutor$Worker.run(ThreadPoolExecutor.java:624)at java.lang.Thread.run(Thread.java:748)]]>
            </full-stacktrace>
          </exception> <!-- java.lang.NullPointerException -->
          <reporter-output>
          </reporter-output>
        </test-method> <!-- beforeTest -->
        <test-method status="SKIP" signature="afterMethod(org.testng.ITestResult)[pri:0, instance:com.uiFramework.ust.experian.testScripts.BankWiazrdQueries@c038203]" name="afterMethod" is-config="true" duration-ms="0" started-at="2018-09-11T10:55:03Z" finished-at="2018-09-11T10:55:03Z">
          <reporter-output>
          </reporter-output>
        </test-method> <!-- afterMethod -->
        <test-method status="SKIP" signature="BWAccClosed(java.util.Map)[pri:0, instance:com.uiFramework.ust.experian.testScripts.BankWiazrdQueries@c038203]" name="BWAccClosed" duration-ms="0" started-at="2018-09-11T10:55:03Z" description="Verifying the BWAccClosed process configuration" data-provider="BWAccClosed" finished-at="2018-09-11T10:55:03Z">
          <exception class="java.lang.NullPointerException">
            <message>
              <![CDATA[Name is null]]>
            </message>
            <full-stacktrace>
              <![CDATA[java.lang.NullPointerException: Name is nullat java.lang.Enum.valueOf(Enum.java:236)at com.uiFramework.ust.experian.helper.browserConfiguration.BrowserType.valueOf(BrowserType.java:1)at com.uiFramework.ust.experian.helper.browserConfiguration.config.PropertyReader.getBrowserType(PropertyReader.java:44)at com.uiFramework.ust.experian.testbase.TestBase.beforeTest(TestBase.java:66)at sun.reflect.NativeMethodAccessorImpl.invoke0(Native Method)at sun.reflect.NativeMethodAccessorImpl.invoke(NativeMethodAccessorImpl.java:62)at sun.reflect.DelegatingMethodAccessorImpl.invoke(DelegatingMethodAccessorImpl.java:43)at java.lang.reflect.Method.invoke(Method.java:498)at org.testng.internal.MethodInvocationHelper.invokeMethod(MethodInvocationHelper.java:124)at org.testng.internal.MethodInvocationHelper.invokeMethodConsideringTimeout(MethodInvocationHelper.java:59)at org.testng.internal.Invoker.invokeConfigurationMethod(Invoker.java:451)at org.testng.internal.Invoker.invokeConfigurations(Invoker.java:222)at org.testng.internal.Invoker.invokeConfigurations(Invoker.java:142)at org.testng.internal.TestMethodWorker.invokeBeforeClassMethods(TestMethodWorker.java:163)at org.testng.internal.TestMethodWorker.run(TestMethodWorker.java:105)at java.util.concurrent.ThreadPoolExecutor.runWorker(ThreadPoolExecutor.java:1149)at java.util.concurrent.ThreadPoolExecutor$Worker.run(ThreadPoolExecutor.java:624)at java.lang.Thread.run(Thread.java:748)]]>
            </full-stacktrace>
          </exception> <!-- java.lang.NullPointerException -->
          <reporter-output>
          </reporter-output>
        </test-method> <!-- BWAccClosed -->
        <test-method status="SKIP" signature="beforeMethod(java.lang.reflect.Method)[pri:0, instance:com.uiFramework.ust.experian.testScripts.BankWiazrdQueries@c038203]" name="beforeMethod" is-config="true" duration-ms="0" started-at="2018-09-11T10:55:03Z" finished-at="2018-09-11T10:55:03Z">
          <reporter-output>
          </reporter-output>
        </test-method> <!-- beforeMethod -->
        <test-method status="SKIP" signature="beforeMethod(java.lang.reflect.Method)[pri:0, instance:com.uiFramework.ust.experian.testScripts.BankWiazrdQueries@c038203]" name="beforeMethod" is-config="true" duration-ms="0" started-at="2018-09-11T10:55:03Z" finished-at="2018-09-11T10:55:03Z">
          <reporter-output>
          </reporter-output>
        </test-method> <!-- beforeMethod -->
        <test-method status="SKIP" signature="BWAccClosed(java.util.Map)[pri:0, instance:com.uiFramework.ust.experian.testScripts.BankWiazrdQueries@c038203]" name="BWAccClosed" duration-ms="0" started-at="2018-09-11T10:55:03Z" description="Verifying the BWAccClosed process configuration" data-provider="BWAccClosed" finished-at="2018-09-11T10:55:03Z">
          <exception class="java.lang.NullPointerException">
            <message>
              <![CDATA[Name is null]]>
            </message>
            <full-stacktrace>
              <![CDATA[java.lang.NullPointerException: Name is nullat java.lang.Enum.valueOf(Enum.java:236)at com.uiFramework.ust.experian.helper.browserConfiguration.BrowserType.valueOf(BrowserType.java:1)at com.uiFramework.ust.experian.helper.browserConfiguration.config.PropertyReader.getBrowserType(PropertyReader.java:44)at com.uiFramework.ust.experian.testbase.TestBase.beforeTest(TestBase.java:66)at sun.reflect.NativeMethodAccessorImpl.invoke0(Native Method)at sun.reflect.NativeMethodAccessorImpl.invoke(NativeMethodAccessorImpl.java:62)at sun.reflect.DelegatingMethodAccessorImpl.invoke(DelegatingMethodAccessorImpl.java:43)at java.lang.reflect.Method.invoke(Method.java:498)at org.testng.internal.MethodInvocationHelper.invokeMethod(MethodInvocationHelper.java:124)at org.testng.internal.MethodInvocationHelper.invokeMethodConsideringTimeout(MethodInvocationHelper.java:59)at org.testng.internal.Invoker.invokeConfigurationMethod(Invoker.java:451)at org.testng.internal.Invoker.invokeConfigurations(Invoker.java:222)at org.testng.internal.Invoker.invokeConfigurations(Invoker.java:142)at org.testng.internal.TestMethodWorker.invokeBeforeClassMethods(TestMethodWorker.java:163)at org.testng.internal.TestMethodWorker.run(TestMethodWorker.java:105)at java.util.concurrent.ThreadPoolExecutor.runWorker(ThreadPoolExecutor.java:1149)at java.util.concurrent.ThreadPoolExecutor$Worker.run(ThreadPoolExecutor.java:624)at java.lang.Thread.run(Thread.java:748)]]>
            </full-stacktrace>
          </exception> <!-- java.lang.NullPointerException -->
          <reporter-output>
          </reporter-output>
        </test-method> <!-- BWAccClosed -->
        <test-method status="SKIP" signature="afterMethod(org.testng.ITestResult)[pri:0, instance:com.uiFramework.ust.experian.testScripts.BankWiazrdQueries@c038203]" name="afterMethod" is-config="true" duration-ms="0" started-at="2018-09-11T10:55:03Z" finished-at="2018-09-11T10:55:03Z">
          <reporter-output>
          </reporter-output>
        </test-method> <!-- afterMethod -->
        <test-method status="SKIP" signature="afterMethod(org.testng.ITestResult)[pri:0, instance:com.uiFramework.ust.experian.testScripts.BankWiazrdQueries@c038203]" name="afterMethod" is-config="true" duration-ms="0" started-at="2018-09-11T10:55:03Z" finished-at="2018-09-11T10:55:03Z">
          <reporter-output>
          </reporter-output>
        </test-method> <!-- afterMethod -->
        <test-method status="SKIP" signature="beforeMethod(java.lang.reflect.Method)[pri:0, instance:com.uiFramework.ust.experian.testScripts.BankWiazrdQueries@c038203]" name="beforeMethod" is-config="true" duration-ms="0" started-at="2018-09-11T10:55:03Z" finished-at="2018-09-11T10:55:03Z">
          <reporter-output>
          </reporter-output>
        </test-method> <!-- beforeMethod -->
        <test-method status="SKIP" signature="afterTest()[pri:0, instance:com.uiFramework.ust.experian.testScripts.BankWiazrdQueries@c038203]" name="afterTest" is-config="true" duration-ms="0" started-at="2018-09-11T10:55:03Z" finished-at="2018-09-11T10:55:03Z">
          <reporter-output>
          </reporter-output>
        </test-method> <!-- afterTest -->
        <test-method status="SKIP" signature="BWAccHolderDeceased(java.util.Map)[pri:0, instance:com.uiFramework.ust.experian.testScripts.BankWiazrdQueries@c038203]" name="BWAccHolderDeceased" duration-ms="0" started-at="2018-09-11T10:55:03Z" description="Verifying the BWAccHolderDeceased process configuration" data-provider="BWAccHolderDeceased" finished-at="2018-09-11T10:55:03Z">
          <exception class="java.lang.NullPointerException">
            <message>
              <![CDATA[Name is null]]>
            </message>
            <full-stacktrace>
              <![CDATA[java.lang.NullPointerException: Name is nullat java.lang.Enum.valueOf(Enum.java:236)at com.uiFramework.ust.experian.helper.browserConfiguration.BrowserType.valueOf(BrowserType.java:1)at com.uiFramework.ust.experian.helper.browserConfiguration.config.PropertyReader.getBrowserType(PropertyReader.java:44)at com.uiFramework.ust.experian.testbase.TestBase.beforeTest(TestBase.java:66)at sun.reflect.NativeMethodAccessorImpl.invoke0(Native Method)at sun.reflect.NativeMethodAccessorImpl.invoke(NativeMethodAccessorImpl.java:62)at sun.reflect.DelegatingMethodAccessorImpl.invoke(DelegatingMethodAccessorImpl.java:43)at java.lang.reflect.Method.invoke(Method.java:498)at org.testng.internal.MethodInvocationHelper.invokeMethod(MethodInvocationHelper.java:124)at org.testng.internal.MethodInvocationHelper.invokeMethodConsideringTimeout(MethodInvocationHelper.java:59)at org.testng.internal.Invoker.invokeConfigurationMethod(Invoker.java:451)at org.testng.internal.Invoker.invokeConfigurations(Invoker.java:222)at org.testng.internal.Invoker.invokeConfigurations(Invoker.java:142)at org.testng.internal.TestMethodWorker.invokeBeforeClassMethods(TestMethodWorker.java:163)at org.testng.internal.TestMethodWorker.run(TestMethodWorker.java:105)at java.util.concurrent.ThreadPoolExecutor.runWorker(ThreadPoolExecutor.java:1149)at java.util.concurrent.ThreadPoolExecutor$Worker.run(ThreadPoolExecutor.java:624)at java.lang.Thread.run(Thread.java:748)]]>
            </full-stacktrace>
          </exception> <!-- java.lang.NullPointerException -->
          <reporter-output>
          </reporter-output>
        </test-method> <!-- BWAccHolderDeceased -->
      </class> <!-- com.uiFramework.ust.experian.testScripts.BankWiazrdQueries -->
    </test> <!-- Test -->
  </suite> <!-- Suite -->
</testng-results>
