<?xml version="1.0" encoding="UTF-8"?>
<testsuite xmlns:xsi="http://www.w3.org/2001/XMLSchema-instance" xsi:schemaLocation="https://maven.apache.org/surefire/maven-surefire-plugin/xsd/surefire-test-report.xsd" name="TestSuite" time="3.474" tests="19" errors="0" skipped="17" failures="2">
  <properties>
[...]
</properties>
  <testcase name="beforeTest" classname="com.uiFramework.ust.experian.testScripts.BankWiazrdQueries" time="3.059">
    <failure message="Name is null" type="java.lang.NullPointerException">java.lang.NullPointerException: Name is null
</failure>
    <system-out><![CDATA[4097469
]]></system-out>
  </testcase>
  <testcase name="beforeTest" classname="com.uiFramework.ust.experian.testScripts.DrivingLicenseQueries" time="3.06">
    <failure message="Name is null" type="java.lang.NullPointerException">java.lang.NullPointerException: Name is null
</failure>
  </testcase>
  <testcase name="beforeMethod" classname="com.uiFramework.ust.experian.testScripts.DrivingLicenseQueries" time="0">
    <skipped/>
    <system-out><![CDATA[2018-09-11 10:09:82 INFO  TestBase :188 - excel location C:\UIFramework\uiFramework\src\main\resources\testdata\BankWizard.xlsx
2018-09-11 10:09:87 INFO  TestBase :188 - excel location C:\UIFramework\uiFramework\src\main\resources\testdata\DrivingLicense.xlsx
]]></system-out>
  </testcase>
  <testcase name="beforeMethod" classname="com.uiFramework.ust.experian.testScripts.DrivingLicenseQueries" time="0">
    <skipped/>
    <system-out><![CDATA[2018-09-11 10:09:226 INFO  TestBase :188 - excel location C:\UIFramework\uiFramework\src\main\resources\testdata\DrivingLicense.xlsx
]]></system-out>
  </testcase>
  <testcase name="InvalidDOB" classname="com.uiFramework.ust.experian.testScripts.DrivingLicenseQueries" time="0">
    <skipped message="Name is null"/>
  </testcase>
  <testcase name="afterMethod" classname="com.uiFramework.ust.experian.testScripts.DrivingLicenseQueries" time="0">
    <skipped/>
  </testcase>
  <testcase name="afterMethod" classname="com.uiFramework.ust.experian.testScripts.DrivingLicenseQueries" time="0">
    <skipped/>
  </testcase>
  <testcase name="ValidDLCheck" classname="com.uiFramework.ust.experian.testScripts.DrivingLicenseQueries" time="0">
    <skipped message="Name is null"/>
  </testcase>
  <testcase name="afterTest" classname="com.uiFramework.ust.experian.testScripts.DrivingLicenseQueries" time="0">
    <skipped/>
  </testcase>
  <testcase name="beforeMethod" classname="com.uiFramework.ust.experian.testScripts.BankWiazrdQueries" time="0">
    <skipped/>
  </testcase>
  <testcase name="beforeMethod" classname="com.uiFramework.ust.experian.testScripts.BankWiazrdQueries" time="0">
    <skipped/>
  </testcase>
  <testcase name="beforeMethod" classname="com.uiFramework.ust.experian.testScripts.BankWiazrdQueries" time="0">
    <skipped/>
    <system-out><![CDATA[2018-09-11 10:09:286 INFO  TestBase :188 - excel location C:\UIFramework\uiFramework\src\main\resources\testdata\BankWizard.xlsx
]]></system-out>
  </testcase>
  <testcase name="BWAccClosed" classname="com.uiFramework.ust.experian.testScripts.BankWiazrdQueries" time="0">
    <skipped message="Name is null"/>
  </testcase>
  <testcase name="BWAccClosed" classname="com.uiFramework.ust.experian.testScripts.BankWiazrdQueries" time="0">
    <skipped message="Name is null"/>
  </testcase>
  <testcase name="afterMethod" classname="com.uiFramework.ust.experian.testScripts.BankWiazrdQueries" time="0">
    <skipped/>
  </testcase>
  <testcase name="afterMethod" classname="com.uiFramework.ust.experian.testScripts.BankWiazrdQueries" time="0">
    <skipped/>
  </testcase>
  <testcase name="afterMethod" classname="com.uiFramework.ust.experian.testScripts.BankWiazrdQueries" time="0">
    <skipped/>
  </testcase>
  <testcase name="BWAccHolderDeceased" classname="com.uiFramework.ust.experian.testScripts.BankWiazrdQueries" time="0">
    <skipped message="Name is null"/>
  </testcase>
  <testcase name="afterTest" classname="com.uiFramework.ust.experian.testScripts.BankWiazrdQueries" time="0">
    <skipped/>
  </testcase>
</testsuite>