<?xml version="1.0" encoding="UTF-8"?>
<testng-results skipped="0" failed="1" ignored="0" total="8" passed="7">
  <reporter-output>
    <line>
      <![CDATA[Bank Wizard Class Started..]]>
    </line>
    <line>
      <![CDATA[BWAccClosed Test Started..]]>
    </line>
    <line>
      <![CDATA[BWAccClosed Test Passed..]]>
    </line>
    <line>
      <![CDATA[BWAccClosed Test Started..]]>
    </line>
    <line>
      <![CDATA[captureScreen method called]]>
    </line>
    <line>
      <![CDATA[<a href='C:\UIFramework\uiFramework\src\main\resources\screenShots\BWAccClosed_2_11_09_2018_03_00_28.png'><img src='C:\UIFramework\uiFramework\src\main\resources\screenShots\BWAccClosed_2_11_09_2018_03_00_28.png'height='100' width='100'/></a>]]>
    </line>
    <line>
      <![CDATA[BWAccClosed Test Failed..java.lang.AssertionError: expected [true] but found [false]]]>
    </line>
    <line>
      <![CDATA[BWAccHolderDeceased Test Started..]]>
    </line>
    <line>
      <![CDATA[BWAccHolderDeceased Test Passed..]]>
    </line>
    <line>
      <![CDATA[Bank Wizard Test Finished..]]>
    </line>
    <line>
      <![CDATA[Driving License Class Started..]]>
    </line>
    <line>
      <![CDATA[InvalidDOB Test Started..]]>
    </line>
    <line>
      <![CDATA[InvalidDOB Test Passed..]]>
    </line>
    <line>
      <![CDATA[ValidDLCheck Test Started..]]>
    </line>
    <line>
      <![CDATA[ValidDLCheck Test Passed..]]>
    </line>
    <line>
      <![CDATA[Driving License Test Finished..]]>
    </line>
    <line>
      <![CDATA[IDH-578-579 Class Started..]]>
    </line>
    <line>
      <![CDATA[IDH_578and579_1 Test Started..]]>
    </line>
    <line>
      <![CDATA[IDH_578and579_1 Test Passed..]]>
    </line>
    <line>
      <![CDATA[IDH_578and579_2 Test Started..]]>
    </line>
    <line>
      <![CDATA[IDH_578and579_2 Test Passed..]]>
    </line>
    <line>
      <![CDATA[IDH_578and579_3 Test Started..]]>
    </line>
    <line>
      <![CDATA[IDH_578and579_3 Test Passed..]]>
    </line>
  </reporter-output>
  <suite name="Regression Suite" duration-ms="192956" started-at="2018-09-11T13:59:54Z" finished-at="2018-09-11T14:03:07Z">
    <groups>
    </groups>
    <test name="Bank Wizard" duration-ms="55677" started-at="2018-09-11T13:59:54Z" finished-at="2018-09-11T14:00:50Z">
      <class name="com.uiFramework.ust.experian.testScripts.BankWiazrdQueries">
        <test-method status="PASS" signature="beforeTest()[pri:0, instance:com.uiFramework.ust.experian.testScripts.BankWiazrdQueries@7b49cea0]" name="beforeTest" is-config="true" duration-ms="2716" started-at="2018-09-11T14:59:54Z" finished-at="2018-09-11T14:59:57Z">
          <reporter-output>
          </reporter-output>
        </test-method> <!-- beforeTest -->
        <test-method status="PASS" signature="beforeMethod(java.lang.reflect.Method)[pri:0, instance:com.uiFramework.ust.experian.testScripts.BankWiazrdQueries@7b49cea0]" name="beforeMethod" is-config="true" duration-ms="4" started-at="2018-09-11T14:59:57Z" finished-at="2018-09-11T14:59:57Z">
          <params>
            <param index="0">
              <value>
                <![CDATA[public void com.uiFramework.ust.experian.testScripts.BankWiazrdQueries.BWAccClosed(java.util.Map) throws java.io.IOException]]>
              </value>
            </param>
          </params>
          <reporter-output>
          </reporter-output>
        </test-method> <!-- beforeMethod -->
        <test-method status="PASS" signature="BWAccClosed(java.util.Map)[pri:0, instance:com.uiFramework.ust.experian.testScripts.BankWiazrdQueries@7b49cea0]" name="BWAccClosed" duration-ms="15474" started-at="2018-09-11T14:59:57Z" description="Verifying the BWAccClosed process configuration" data-provider="BWAccClosed" finished-at="2018-09-11T15:00:12Z">
          <params>
            <param index="0">
              <value>
                <![CDATA[{processconfig=BWAccClosed, checkcontext=Direct Debit, postcode=WF17 0BL, ruletriggered=Default return, testname=BWAccClosed_1, addressscore=- / 9, message=The applicant has not been authenticated to your required minimum level based on the rules implemented in the selected query. You should seek other proofs of identity before dealing with this applicant., result=notauthenticated, forename=Claire, opendatescore=- / 9, housenumber=1, accountstatus=Account closed, surname=South, dob=12/12/1984, street=Howley Mill Lane, ownertype=-, accountno=137984, namescore=- / 9, sortcode=070116}]]>
              </value>
            </param>
          </params>
          <reporter-output>
            <line>
              <![CDATA[BWAccClosed Test Started..]]>
            </line>
            <line>
              <![CDATA[BWAccClosed Test Passed..]]>
            </line>
          </reporter-output>
        </test-method> <!-- BWAccClosed -->
        <test-method status="PASS" signature="afterMethod(org.testng.ITestResult)[pri:0, instance:com.uiFramework.ust.experian.testScripts.BankWiazrdQueries@7b49cea0]" name="afterMethod" is-config="true" duration-ms="338" started-at="2018-09-11T15:00:12Z" finished-at="2018-09-11T15:00:13Z">
          <params>
            <param index="0">
              <value>
                <![CDATA[[TestResult name=BWAccClosed status=SUCCESS method=BankWiazrdQueries.BWAccClosed(java.util.Map)[pri:0, instance:com.uiFramework.ust.experian.testScripts.BankWiazrdQueries@7b49cea0] output=BWAccClosed Test Started..]]]>
              </value>
            </param>
          </params>
          <reporter-output>
          </reporter-output>
        </test-method> <!-- afterMethod -->
        <test-method status="PASS" signature="beforeMethod(java.lang.reflect.Method)[pri:0, instance:com.uiFramework.ust.experian.testScripts.BankWiazrdQueries@7b49cea0]" name="beforeMethod" is-config="true" duration-ms="1" started-at="2018-09-11T15:00:13Z" finished-at="2018-09-11T15:00:13Z">
          <params>
            <param index="0">
              <value>
                <![CDATA[public void com.uiFramework.ust.experian.testScripts.BankWiazrdQueries.BWAccClosed(java.util.Map) throws java.io.IOException]]>
              </value>
            </param>
          </params>
          <reporter-output>
          </reporter-output>
        </test-method> <!-- beforeMethod -->
        <test-method status="FAIL" signature="BWAccClosed(java.util.Map)[pri:0, instance:com.uiFramework.ust.experian.testScripts.BankWiazrdQueries@7b49cea0]" name="BWAccClosed" duration-ms="16000" started-at="2018-09-11T15:00:13Z" description="Verifying the BWAccClosed process configuration" data-provider="BWAccClosed" finished-at="2018-09-11T15:00:29Z">
          <params>
            <param index="0">
              <value>
                <![CDATA[{processconfig=BWAccClosed, checkcontext=Direct Debit, postcode=WF17 0BL, ruletriggered=Default return, testname=BWAccClosed_2, addressscore=- / 9, message=The applicant has not been authenticated to your required minimum level based on the rules implemented in the selected query. You should seek other proofs of identity before dealing with this applicant., result=notauthenticated, forename=Claire, opendatescore=- / 9, housenumber=1, accountstatus=Account closed, surname=South, dob=12/12/1984, street=Howley Mill Lane, ownertype=-, accountno=137984, namescore=- P3/ 9, sortcode=070116}]]>
              </value>
            </param>
          </params>
          <exception class="java.lang.AssertionError">
            <message>
              <![CDATA[expected [true] but found [false]]]>
            </message>
            <full-stacktrace>
              <![CDATA[java.lang.AssertionError: expected [true] but found [false]at org.testng.Assert.fail(Assert.java:96)at org.testng.Assert.failNotEquals(Assert.java:776)at org.testng.Assert.assertTrue(Assert.java:44)at org.testng.Assert.assertTrue(Assert.java:54)at com.uiFramework.ust.experian.helper.assertion.AssertionHelper.markFail(AssertionHelper.java:30)at com.uiFramework.ust.experian.testScripts.BankWiazrdQueries.BWAccClosed(BankWiazrdQueries.java:77)at sun.reflect.NativeMethodAccessorImpl.invoke0(Native Method)at sun.reflect.NativeMethodAccessorImpl.invoke(NativeMethodAccessorImpl.java:62)at sun.reflect.DelegatingMethodAccessorImpl.invoke(DelegatingMethodAccessorImpl.java:43)at java.lang.reflect.Method.invoke(Method.java:498)at org.testng.internal.MethodInvocationHelper.invokeMethod(MethodInvocationHelper.java:124)at org.testng.internal.Invoker.invokeMethod(Invoker.java:571)at org.testng.internal.Invoker.invokeTestMethod(Invoker.java:707)at org.testng.internal.Invoker.invokeTestMethods(Invoker.java:979)at org.testng.internal.TestMethodWorker.invokeTestMethods(TestMethodWorker.java:125)at org.testng.internal.TestMethodWorker.run(TestMethodWorker.java:109)at org.testng.TestRunner.privateRun(TestRunner.java:648)at org.testng.TestRunner.run(TestRunner.java:505)at org.testng.SuiteRunner.runTest(SuiteRunner.java:455)at org.testng.SuiteRunner.runSequentially(SuiteRunner.java:450)at org.testng.SuiteRunner.privateRun(SuiteRunner.java:415)at org.testng.SuiteRunner.run(SuiteRunner.java:364)at org.testng.SuiteRunnerWorker.runSuite(SuiteRunnerWorker.java:52)at org.testng.SuiteRunnerWorker.run(SuiteRunnerWorker.java:84)at org.testng.TestNG.runSuitesSequentially(TestNG.java:1187)at org.testng.TestNG.runSuitesLocally(TestNG.java:1116)at org.testng.TestNG.runSuites(TestNG.java:1028)at org.testng.TestNG.run(TestNG.java:996)at org.testng.remote.AbstractRemoteTestNG.run(AbstractRemoteTestNG.java:114)at org.testng.remote.RemoteTestNG.initAndRun(RemoteTestNG.java:251)at org.testng.remote.RemoteTestNG.main(RemoteTestNG.java:77)]]>
            </full-stacktrace>
          </exception> <!-- java.lang.AssertionError -->
          <reporter-output>
            <line>
              <![CDATA[BWAccClosed Test Started..]]>
            </line>
            <line>
              <![CDATA[captureScreen method called]]>
            </line>
            <line>
              <![CDATA[<a href='C:\UIFramework\uiFramework\src\main\resources\screenShots\BWAccClosed_2_11_09_2018_03_00_28.png'><img src='C:\UIFramework\uiFramework\src\main\resources\screenShots\BWAccClosed_2_11_09_2018_03_00_28.png'height='100' width='100'/></a>]]>
            </line>
            <line>
              <![CDATA[BWAccClosed Test Failed..java.lang.AssertionError: expected [true] but found [false]]]>
            </line>
          </reporter-output>
        </test-method> <!-- BWAccClosed -->
        <test-method status="PASS" signature="afterMethod(org.testng.ITestResult)[pri:0, instance:com.uiFramework.ust.experian.testScripts.BankWiazrdQueries@7b49cea0]" name="afterMethod" is-config="true" duration-ms="92" started-at="2018-09-11T15:00:29Z" finished-at="2018-09-11T15:00:29Z">
          <params>
            <param index="0">
              <value>
                <![CDATA[[TestResult name=BWAccClosed status=FAILURE method=BankWiazrdQueries.BWAccClosed(java.util.Map)[pri:0, instance:com.uiFramework.ust.experian.testScripts.BankWiazrdQueries@7b49cea0] output=BWAccClosed Test Started..]]]>
              </value>
            </param>
          </params>
          <reporter-output>
          </reporter-output>
        </test-method> <!-- afterMethod -->
        <test-method status="PASS" signature="BWAccHolderDeceased(java.util.Map)[pri:0, instance:com.uiFramework.ust.experian.testScripts.BankWiazrdQueries@7b49cea0]" name="BWAccHolderDeceased" duration-ms="19286" started-at="2018-09-11T15:00:29Z" description="Verifying the BWAccHolderDeceased process configuration" data-provider="BWAccHolderDeceased" finished-at="2018-09-11T15:00:48Z">
          <params>
            <param index="0">
              <value>
                <![CDATA[{processconfig=BWAccHolderDeceased, checkcontext=Direct Debit, postcode=CT5 4JY, ruletriggered=Default return, testname=BWAccHolderDeceased_1, addressscore=- / 9, message=The applicant has not been authenticated to your required minimum level based on the rules implemented in the selected query. You should seek other proofs of identity before dealing with this applicant., result=notauthenticated, forename=June, opendatescore=- / 9, housenumber=2, accountstatus=Account holder deceased, surname=Cole, dob=16/10/1966, street=Norman Road, ownertype=-, accountno=2968110, namescore=- / 9, sortcode=070116}]]>
              </value>
            </param>
          </params>
          <reporter-output>
            <line>
              <![CDATA[BWAccHolderDeceased Test Started..]]>
            </line>
            <line>
              <![CDATA[BWAccHolderDeceased Test Passed..]]>
            </line>
          </reporter-output>
        </test-method> <!-- BWAccHolderDeceased -->
        <test-method status="PASS" signature="beforeMethod(java.lang.reflect.Method)[pri:0, instance:com.uiFramework.ust.experian.testScripts.BankWiazrdQueries@7b49cea0]" name="beforeMethod" is-config="true" duration-ms="0" started-at="2018-09-11T15:00:29Z" finished-at="2018-09-11T15:00:29Z">
          <params>
            <param index="0">
              <value>
                <![CDATA[public void com.uiFramework.ust.experian.testScripts.BankWiazrdQueries.BWAccHolderDeceased(java.util.Map) throws java.io.IOException]]>
              </value>
            </param>
          </params>
          <reporter-output>
          </reporter-output>
        </test-method> <!-- beforeMethod -->
        <test-method status="PASS" signature="afterMethod(org.testng.ITestResult)[pri:0, instance:com.uiFramework.ust.experian.testScripts.BankWiazrdQueries@7b49cea0]" name="afterMethod" is-config="true" duration-ms="70" started-at="2018-09-11T15:00:48Z" finished-at="2018-09-11T15:00:48Z">
          <params>
            <param index="0">
              <value>
                <![CDATA[[TestResult name=BWAccHolderDeceased status=SUCCESS method=BankWiazrdQueries.BWAccHolderDeceased(java.util.Map)[pri:0, instance:com.uiFramework.ust.experian.testScripts.BankWiazrdQueries@7b49cea0] output=BWAccHolderDeceased Test Started..]]]>
              </value>
            </param>
          </params>
          <reporter-output>
          </reporter-output>
        </test-method> <!-- afterMethod -->
        <test-method status="PASS" signature="afterTest()[pri:0, instance:com.uiFramework.ust.experian.testScripts.BankWiazrdQueries@7b49cea0]" name="afterTest" is-config="true" duration-ms="1503" started-at="2018-09-11T15:00:48Z" finished-at="2018-09-11T15:00:50Z">
          <reporter-output>
          </reporter-output>
        </test-method> <!-- afterTest -->
      </class> <!-- com.uiFramework.ust.experian.testScripts.BankWiazrdQueries -->
    </test> <!-- Bank Wizard -->
    <test name="Driving License" duration-ms="23220" started-at="2018-09-11T14:00:50Z" finished-at="2018-09-11T14:01:13Z">
      <class name="com.uiFramework.ust.experian.testScripts.DrivingLicenseQueries">
        <test-method status="PASS" signature="beforeTest()[pri:0, instance:com.uiFramework.ust.experian.testScripts.DrivingLicenseQueries@68bbe345]" name="beforeTest" is-config="true" duration-ms="1814" started-at="2018-09-11T15:00:50Z" finished-at="2018-09-11T15:00:52Z">
          <reporter-output>
          </reporter-output>
        </test-method> <!-- beforeTest -->
        <test-method status="PASS" signature="InvalidDOB(java.util.Map)[pri:0, instance:com.uiFramework.ust.experian.testScripts.DrivingLicenseQueries@68bbe345]" name="InvalidDOB" duration-ms="10370" started-at="2018-09-11T15:00:52Z" description="Verifying the DL process configuration with Invalid DOB" data-provider="InvalidDOB" finished-at="2018-09-11T15:01:02Z">
          <params>
            <param index="0">
              <value>
                <![CDATA[{processconfig=Driving Licence Only, dlnumberintials=Matches details provided., sex=Male, ruletriggered=Default return, DL Number=PANER608298A99AT, testname=InvalidDOB_1, title=Mr, dlnumberscore=FAIL, message=The applicant has not been authenticated to your required minimum level based on the rules implemented in the selected query. You should seek other proofs of identity before dealing with this applicant., dlnumberdob=Does not match details provided., dlnumberlength=Valid, result=notauthenticated, forename=Anthony, surname=Panergo, dob=28/08/1968, dlnumbersurname=Matches details provided.}]]>
              </value>
            </param>
          </params>
          <reporter-output>
            <line>
              <![CDATA[InvalidDOB Test Started..]]>
            </line>
            <line>
              <![CDATA[InvalidDOB Test Passed..]]>
            </line>
          </reporter-output>
        </test-method> <!-- InvalidDOB -->
        <test-method status="PASS" signature="beforeMethod(java.lang.reflect.Method)[pri:0, instance:com.uiFramework.ust.experian.testScripts.DrivingLicenseQueries@68bbe345]" name="beforeMethod" is-config="true" duration-ms="0" started-at="2018-09-11T15:00:52Z" finished-at="2018-09-11T15:00:52Z">
          <params>
            <param index="0">
              <value>
                <![CDATA[public void com.uiFramework.ust.experian.testScripts.DrivingLicenseQueries.InvalidDOB(java.util.Map) throws java.io.IOException]]>
              </value>
            </param>
          </params>
          <reporter-output>
          </reporter-output>
        </test-method> <!-- beforeMethod -->
        <test-method status="PASS" signature="afterMethod(org.testng.ITestResult)[pri:0, instance:com.uiFramework.ust.experian.testScripts.DrivingLicenseQueries@68bbe345]" name="afterMethod" is-config="true" duration-ms="40" started-at="2018-09-11T15:01:02Z" finished-at="2018-09-11T15:01:02Z">
          <params>
            <param index="0">
              <value>
                <![CDATA[[TestResult name=InvalidDOB status=SUCCESS method=DrivingLicenseQueries.InvalidDOB(java.util.Map)[pri:0, instance:com.uiFramework.ust.experian.testScripts.DrivingLicenseQueries@68bbe345] output=InvalidDOB Test Started..]]]>
              </value>
            </param>
          </params>
          <reporter-output>
          </reporter-output>
        </test-method> <!-- afterMethod -->
        <test-method status="PASS" signature="beforeMethod(java.lang.reflect.Method)[pri:0, instance:com.uiFramework.ust.experian.testScripts.DrivingLicenseQueries@68bbe345]" name="beforeMethod" is-config="true" duration-ms="1" started-at="2018-09-11T15:01:02Z" finished-at="2018-09-11T15:01:02Z">
          <params>
            <param index="0">
              <value>
                <![CDATA[public void com.uiFramework.ust.experian.testScripts.DrivingLicenseQueries.ValidDLCheck(java.util.Map) throws java.io.IOException]]>
              </value>
            </param>
          </params>
          <reporter-output>
          </reporter-output>
        </test-method> <!-- beforeMethod -->
        <test-method status="PASS" signature="ValidDLCheck(java.util.Map)[pri:0, instance:com.uiFramework.ust.experian.testScripts.DrivingLicenseQueries@68bbe345]" name="ValidDLCheck" duration-ms="9405" started-at="2018-09-11T15:01:02Z" description="Verifying the DL process configuration with Valid DL number" data-provider="ValidDLCheck" finished-at="2018-09-11T15:01:11Z">
          <params>
            <param index="0">
              <value>
                <![CDATA[{processconfig=Driving Licence Only, dlnumberintials=Matches details provided., sex=Male, ruletriggered=DL, DL Number=PANER608288A99AT, testname=ValidDLCheck_1, title=Mr, dlnumberscore=PASS, message=The applicant has been authenticated to your required minimum level based on the rules implemented in the selected query., dlnumberdob=Matches details provided., dlnumberlength=Valid, result=authenticated, forename=Anthony, surname=Panergo, dob=28/08/1968, dlnumbersurname=Matches details provided.}]]>
              </value>
            </param>
          </params>
          <reporter-output>
            <line>
              <![CDATA[ValidDLCheck Test Started..]]>
            </line>
            <line>
              <![CDATA[ValidDLCheck Test Passed..]]>
            </line>
          </reporter-output>
        </test-method> <!-- ValidDLCheck -->
        <test-method status="PASS" signature="afterMethod(org.testng.ITestResult)[pri:0, instance:com.uiFramework.ust.experian.testScripts.DrivingLicenseQueries@68bbe345]" name="afterMethod" is-config="true" duration-ms="32" started-at="2018-09-11T15:01:11Z" finished-at="2018-09-11T15:01:11Z">
          <params>
            <param index="0">
              <value>
                <![CDATA[[TestResult name=ValidDLCheck status=SUCCESS method=DrivingLicenseQueries.ValidDLCheck(java.util.Map)[pri:0, instance:com.uiFramework.ust.experian.testScripts.DrivingLicenseQueries@68bbe345] output=ValidDLCheck Test Started..]]]>
              </value>
            </param>
          </params>
          <reporter-output>
          </reporter-output>
        </test-method> <!-- afterMethod -->
        <test-method status="PASS" signature="afterTest()[pri:0, instance:com.uiFramework.ust.experian.testScripts.DrivingLicenseQueries@68bbe345]" name="afterTest" is-config="true" duration-ms="1504" started-at="2018-09-11T15:01:11Z" finished-at="2018-09-11T15:01:13Z">
          <reporter-output>
          </reporter-output>
        </test-method> <!-- afterTest -->
      </class> <!-- com.uiFramework.ust.experian.testScripts.DrivingLicenseQueries -->
    </test> <!-- Driving License -->
    <test name="IDH-578-579" duration-ms="114030" started-at="2018-09-11T14:01:13Z" finished-at="2018-09-11T14:03:07Z">
      <class name="com.uiFramework.ust.experian.testScripts.IDH_578_579">
        <test-method status="PASS" signature="beforeSuite()[pri:0, instance:com.uiFramework.ust.experian.testScripts.IDH_578_579@5e853265]" name="beforeSuite" is-config="true" duration-ms="1238" started-at="2018-09-11T14:59:53Z" finished-at="2018-09-11T14:59:54Z">
          <reporter-output>
          </reporter-output>
        </test-method> <!-- beforeSuite -->
        <test-method status="PASS" signature="beforeTest()[pri:0, instance:com.uiFramework.ust.experian.testScripts.IDH_578_579@5e853265]" name="beforeTest" is-config="true" duration-ms="1948" started-at="2018-09-11T15:01:13Z" finished-at="2018-09-11T15:01:15Z">
          <reporter-output>
          </reporter-output>
        </test-method> <!-- beforeTest -->
        <test-method status="PASS" signature="beforeMethod(java.lang.reflect.Method)[pri:0, instance:com.uiFramework.ust.experian.testScripts.IDH_578_579@5e853265]" name="beforeMethod" is-config="true" duration-ms="1" started-at="2018-09-11T15:01:15Z" finished-at="2018-09-11T15:01:15Z">
          <params>
            <param index="0">
              <value>
                <![CDATA[public void com.uiFramework.ust.experian.testScripts.IDH_578_579.IDH_578and579_1(java.util.Map) throws java.io.IOException]]>
              </value>
            </param>
          </params>
          <reporter-output>
          </reporter-output>
        </test-method> <!-- beforeMethod -->
        <test-method status="PASS" signature="IDH_578and579_1(java.util.Map)[pri:0, instance:com.uiFramework.ust.experian.testScripts.IDH_578_579@5e853265]" name="IDH_578and579_1" duration-ms="52474" started-at="2018-09-11T15:01:15Z" description="Verifying the IDH-578-579 Process config with Owner Occupier" data-provider="IDH-578and579_1" finished-at="2018-09-11T15:02:07Z">
          <params>
            <param index="0">
              <value>
                <![CDATA[{processconfig=IDH-578and579, town=Aldeburgh, sex=male, postcode=IP155DZ, ruletriggered=Default return, testname=IDH-578and579_1, title=Mr, authenticationindex=60, message=The applicant has not been authenticated to your required minimum level based on the rules implemented in the selected query. You should seek other proofs of identity before dealing with this applicant., result=notauthenticated, forename=Dean, housenumber=1, maritalstatus=Married, surname=Bater, street=Alde Lane, occupancystatus=Owner Occupier}]]>
              </value>
            </param>
          </params>
          <reporter-output>
            <line>
              <![CDATA[IDH_578and579_1 Test Started..]]>
            </line>
            <line>
              <![CDATA[IDH_578and579_1 Test Passed..]]>
            </line>
          </reporter-output>
        </test-method> <!-- IDH_578and579_1 -->
        <test-method status="PASS" signature="afterMethod(org.testng.ITestResult)[pri:0, instance:com.uiFramework.ust.experian.testScripts.IDH_578_579@5e853265]" name="afterMethod" is-config="true" duration-ms="40" started-at="2018-09-11T15:02:07Z" finished-at="2018-09-11T15:02:07Z">
          <params>
            <param index="0">
              <value>
                <![CDATA[[TestResult name=IDH_578and579_1 status=SUCCESS method=IDH_578_579.IDH_578and579_1(java.util.Map)[pri:0, instance:com.uiFramework.ust.experian.testScripts.IDH_578_579@5e853265] output=IDH_578and579_1 Test Started..]]]>
              </value>
            </param>
          </params>
          <reporter-output>
          </reporter-output>
        </test-method> <!-- afterMethod -->
        <test-method status="PASS" signature="IDH_578and579_2(java.util.Map)[pri:0, instance:com.uiFramework.ust.experian.testScripts.IDH_578_579@5e853265]" name="IDH_578and579_2" duration-ms="38283" started-at="2018-09-11T15:02:07Z" description="Verifying the IDH-578-579 Process config with Living with Parents" data-provider="IDH-578and579_2" finished-at="2018-09-11T15:02:46Z">
          <params>
            <param index="0">
              <value>
                <![CDATA[{processconfig=IDH-578and579, town=Aldeburgh, sex=male, postcode=IP155DZ, ruletriggered=Default return, testname=IDH-578and579_2, title=Mr, authenticationindex=60, message=The applicant has not been authenticated to your required minimum level based on the rules implemented in the selected query. You should seek other proofs of identity before dealing with this applicant., result=notauthenticated, forename=Dean, housenumber=1, maritalstatus=Single, surname=Bater, street=Alde Lane, occupancystatus=Living with Parents}]]>
              </value>
            </param>
          </params>
          <reporter-output>
            <line>
              <![CDATA[IDH_578and579_2 Test Started..]]>
            </line>
            <line>
              <![CDATA[IDH_578and579_2 Test Passed..]]>
            </line>
          </reporter-output>
        </test-method> <!-- IDH_578and579_2 -->
        <test-method status="PASS" signature="beforeMethod(java.lang.reflect.Method)[pri:0, instance:com.uiFramework.ust.experian.testScripts.IDH_578_579@5e853265]" name="beforeMethod" is-config="true" duration-ms="0" started-at="2018-09-11T15:02:07Z" finished-at="2018-09-11T15:02:07Z">
          <params>
            <param index="0">
              <value>
                <![CDATA[public void com.uiFramework.ust.experian.testScripts.IDH_578_579.IDH_578and579_2(java.util.Map) throws java.io.IOException]]>
              </value>
            </param>
          </params>
          <reporter-output>
          </reporter-output>
        </test-method> <!-- beforeMethod -->
        <test-method status="PASS" signature="afterMethod(org.testng.ITestResult)[pri:0, instance:com.uiFramework.ust.experian.testScripts.IDH_578_579@5e853265]" name="afterMethod" is-config="true" duration-ms="43" started-at="2018-09-11T15:02:46Z" finished-at="2018-09-11T15:02:46Z">
          <params>
            <param index="0">
              <value>
                <![CDATA[[TestResult name=IDH_578and579_2 status=SUCCESS method=IDH_578_579.IDH_578and579_2(java.util.Map)[pri:0, instance:com.uiFramework.ust.experian.testScripts.IDH_578_579@5e853265] output=IDH_578and579_2 Test Started..]]]>
              </value>
            </param>
          </params>
          <reporter-output>
          </reporter-output>
        </test-method> <!-- afterMethod -->
        <test-method status="PASS" signature="beforeMethod(java.lang.reflect.Method)[pri:0, instance:com.uiFramework.ust.experian.testScripts.IDH_578_579@5e853265]" name="beforeMethod" is-config="true" duration-ms="0" started-at="2018-09-11T15:02:46Z" finished-at="2018-09-11T15:02:46Z">
          <params>
            <param index="0">
              <value>
                <![CDATA[public void com.uiFramework.ust.experian.testScripts.IDH_578_579.IDH_578and579_3(java.util.Map) throws java.io.IOException]]>
              </value>
            </param>
          </params>
          <reporter-output>
          </reporter-output>
        </test-method> <!-- beforeMethod -->
        <test-method status="PASS" signature="IDH_578and579_3(java.util.Map)[pri:0, instance:com.uiFramework.ust.experian.testScripts.IDH_578_579@5e853265]" name="IDH_578and579_3" duration-ms="19498" started-at="2018-09-11T15:02:46Z" description="Verifying the IDH-578-579 Process config with Tenant Furnished" data-provider="IDH-578and579_3" finished-at="2018-09-11T15:03:05Z">
          <params>
            <param index="0">
              <value>
                <![CDATA[{processconfig=IDH-578and579, town=Aldeburgh, sex=male, postcode=IP155DZ, ruletriggered=Default return, testname=IDH-578and579_3, title=Mr, authenticationindex=60, message=The applicant has not been authenticated to your required minimum level based on the rules implemented in the selected query. You should seek other proofs of identity before dealing with this applicant., result=notauthenticated, forename=Dean, housenumber=1, maritalstatus=Divorced, surname=Bater, street=Alde Lane, occupancystatus=Tenant Furnished}]]>
              </value>
            </param>
          </params>
          <reporter-output>
            <line>
              <![CDATA[IDH_578and579_3 Test Started..]]>
            </line>
            <line>
              <![CDATA[IDH_578and579_3 Test Passed..]]>
            </line>
          </reporter-output>
        </test-method> <!-- IDH_578and579_3 -->
        <test-method status="PASS" signature="afterMethod(org.testng.ITestResult)[pri:0, instance:com.uiFramework.ust.experian.testScripts.IDH_578_579@5e853265]" name="afterMethod" is-config="true" duration-ms="41" started-at="2018-09-11T15:03:05Z" finished-at="2018-09-11T15:03:05Z">
          <params>
            <param index="0">
              <value>
                <![CDATA[[TestResult name=IDH_578and579_3 status=SUCCESS method=IDH_578_579.IDH_578and579_3(java.util.Map)[pri:0, instance:com.uiFramework.ust.experian.testScripts.IDH_578_579@5e853265] output=IDH_578and579_3 Test Started..]]]>
              </value>
            </param>
          </params>
          <reporter-output>
          </reporter-output>
        </test-method> <!-- afterMethod -->
        <test-method status="PASS" signature="afterTest()[pri:0, instance:com.uiFramework.ust.experian.testScripts.IDH_578_579@5e853265]" name="afterTest" is-config="true" duration-ms="1601" started-at="2018-09-11T15:03:05Z" finished-at="2018-09-11T15:03:07Z">
          <reporter-output>
          </reporter-output>
        </test-method> <!-- afterTest -->
      </class> <!-- com.uiFramework.ust.experian.testScripts.IDH_578_579 -->
    </test> <!-- IDH-578-579 -->
  </suite> <!-- Regression Suite -->
</testng-results>
