<?xml version="1.0" encoding="UTF-8"?>
<!-- Generated by org.testng.reporters.JUnitXMLReporter -->
<testsuite hostname="W00185VDI" ignored="0" name="Driving License" tests="2" failures="0" timestamp="16 Aug 2018 12:02:20 GMT" time="39.844" errors="0">
  <testcase name="InvalidDOB" time="22.927" classname="com.uiFramework.ust.experian.testScripts.DrivingLicenseQueries"/>
  <testcase name="ValidDLCheck" time="10.259" classname="com.uiFramework.ust.experian.testScripts.DrivingLicenseQueries"/>
</testsuite> <!-- Driving License -->
