<?xml version="1.0" encoding="UTF-8"?>
<!-- Generated by org.testng.reporters.JUnitXMLReporter -->
<testsuite hostname="W00185VDI" ignored="0" name="IDH-578-579" tests="3" failures="0" timestamp="16 Aug 2018 12:03:10 GMT" time="50.091" errors="0">
  <testcase name="IDH_578and579_1" time="14.788" classname="com.uiFramework.ust.experian.testScripts.IDH_578_579"/>
  <testcase name="IDH_578and579_2" time="13.166" classname="com.uiFramework.ust.experian.testScripts.IDH_578_579"/>
  <testcase name="IDH_578and579_3" time="15.369" classname="com.uiFramework.ust.experian.testScripts.IDH_578_579"/>
</testsuite> <!-- IDH-578-579 -->
